Determining if the pthread_create exist failed with the following output:
Change Dir: /home/pi/Downloads/mjpg-streamer-master/mjpg-streamer-experimental/_build/CMakeFiles/CMakeTmp

Run Build Command:"/usr/bin/make" "cmTC_dc07f/fast"
make[1]: Entering directory '/home/pi/Downloads/mjpg-streamer-master/mjpg-streamer-experimental/_build/CMakeFiles/CMakeTmp'
/usr/bin/make -f CMakeFiles/cmTC_dc07f.dir/build.make CMakeFiles/cmTC_dc07f.dir/build
make[2]: Entering directory '/home/pi/Downloads/mjpg-streamer-master/mjpg-streamer-experimental/_build/CMakeFiles/CMakeTmp'
Building C object CMakeFiles/cmTC_dc07f.dir/CheckSymbolExists.c.o
/usr/bin/cc     -o CMakeFiles/cmTC_dc07f.dir/CheckSymbolExists.c.o   -c /home/pi/Downloads/mjpg-streamer-master/mjpg-streamer-experimental/_build/CMakeFiles/CMakeTmp/CheckSymbolExists.c
Linking C executable cmTC_dc07f
/usr/bin/cmake -E cmake_link_script CMakeFiles/cmTC_dc07f.dir/link.txt --verbose=1
/usr/bin/cc       CMakeFiles/cmTC_dc07f.dir/CheckSymbolExists.c.o  -o cmTC_dc07f -rdynamic 
CMakeFiles/cmTC_dc07f.dir/CheckSymbolExists.c.o: In function `main':
CheckSymbolExists.c:(.text+0x38): undefined reference to `pthread_create'
collect2: error: ld returned 1 exit status
CMakeFiles/cmTC_dc07f.dir/build.make:97: recipe for target 'cmTC_dc07f' failed
make[2]: *** [cmTC_dc07f] Error 1
make[2]: Leaving directory '/home/pi/Downloads/mjpg-streamer-master/mjpg-streamer-experimental/_build/CMakeFiles/CMakeTmp'
Makefile:126: recipe for target 'cmTC_dc07f/fast' failed
make[1]: *** [cmTC_dc07f/fast] Error 2
make[1]: Leaving directory '/home/pi/Downloads/mjpg-streamer-master/mjpg-streamer-experimental/_build/CMakeFiles/CMakeTmp'

File /home/pi/Downloads/mjpg-streamer-master/mjpg-streamer-experimental/_build/CMakeFiles/CMakeTmp/CheckSymbolExists.c:
/* */
#include <pthread.h>

int main(int argc, char** argv)
{
  (void)argv;
#ifndef pthread_create
  return ((int*)(&pthread_create))[argc];
#else
  (void)argc;
  return 0;
#endif
}

Determining if the function pthread_create exists in the pthreads failed with the following output:
Change Dir: /home/pi/Downloads/mjpg-streamer-master/mjpg-streamer-experimental/_build/CMakeFiles/CMakeTmp

Run Build Command:"/usr/bin/make" "cmTC_01bad/fast"
make[1]: Entering directory '/home/pi/Downloads/mjpg-streamer-master/mjpg-streamer-experimental/_build/CMakeFiles/CMakeTmp'
/usr/bin/make -f CMakeFiles/cmTC_01bad.dir/build.make CMakeFiles/cmTC_01bad.dir/build
make[2]: Entering directory '/home/pi/Downloads/mjpg-streamer-master/mjpg-streamer-experimental/_build/CMakeFiles/CMakeTmp'
Building C object CMakeFiles/cmTC_01bad.dir/CheckFunctionExists.c.o
/usr/bin/cc    -DCHECK_FUNCTION_EXISTS=pthread_create   -o CMakeFiles/cmTC_01bad.dir/CheckFunctionExists.c.o   -c /usr/share/cmake-3.6/Modules/CheckFunctionExists.c
Linking C executable cmTC_01bad
/usr/bin/cmake -E cmake_link_script CMakeFiles/cmTC_01bad.dir/link.txt --verbose=1
/usr/bin/cc   -DCHECK_FUNCTION_EXISTS=pthread_create    CMakeFiles/cmTC_01bad.dir/CheckFunctionExists.c.o  -o cmTC_01bad -rdynamic -lpthreads 
/usr/bin/ld: cannot find -lpthreads
collect2: error: ld returned 1 exit status
CMakeFiles/cmTC_01bad.dir/build.make:97: recipe for target 'cmTC_01bad' failed
make[2]: *** [cmTC_01bad] Error 1
make[2]: Leaving directory '/home/pi/Downloads/mjpg-streamer-master/mjpg-streamer-experimental/_build/CMakeFiles/CMakeTmp'
Makefile:126: recipe for target 'cmTC_01bad/fast' failed
make[1]: *** [cmTC_01bad/fast] Error 2
make[1]: Leaving directory '/home/pi/Downloads/mjpg-streamer-master/mjpg-streamer-experimental/_build/CMakeFiles/CMakeTmp'


